<?xml version="1.0" encoding="UTF-8"?>
<coverage generated="1680260477">
  <project timestamp="1680260477">
    <file name="/app/anymapper/src/Analyzer/AnalyzerException.php">
      <class name="WebFu\Analyzer\AnalyzerException" namespace="global">
        <metrics complexity="0" methods="0" coveredmethods="0" conditionals="0" coveredconditionals="0" statements="0" coveredstatements="0" elements="0" coveredelements="0"/>
      </class>
      <metrics loc="12" ncloc="12" classes="0" methods="0" coveredmethods="0" conditionals="0" coveredconditionals="0" statements="0" coveredstatements="0" elements="0" coveredelements="0"/>
    </file>
    <file name="/app/anymapper/src/Analyzer/AnalyzerFactory.php">
      <class name="WebFu\Analyzer\AnalyzerFactory" namespace="global">
        <metrics complexity="2" methods="1" coveredmethods="1" conditionals="0" coveredconditionals="0" statements="3" coveredstatements="3" elements="4" coveredelements="4"/>
      </class>
      <line num="10" type="method" name="create" visibility="public" complexity="2" crap="2" count="20"/>
      <line num="12" type="stmt" count="20"/>
      <line num="13" type="stmt" count="15"/>
      <line num="16" type="stmt" count="14"/>
      <metrics loc="19" ncloc="18" classes="1" methods="1" coveredmethods="1" conditionals="0" coveredconditionals="0" statements="3" coveredstatements="3" elements="4" coveredelements="4"/>
    </file>
    <file name="/app/anymapper/src/Analyzer/AnalyzerInterface.php">
      <metrics loc="18" ncloc="16" classes="0" methods="0" coveredmethods="0" conditionals="0" coveredconditionals="0" statements="0" coveredstatements="0" elements="0" coveredelements="0"/>
    </file>
    <file name="/app/anymapper/src/Analyzer/ArrayAnalyzer.php">
      <class name="WebFu\Analyzer\ArrayAnalyzer" namespace="global">
        <metrics complexity="7" methods="5" coveredmethods="5" conditionals="0" coveredconditionals="0" statements="8" coveredstatements="8" elements="13" coveredelements="13"/>
      </class>
      <line num="22" type="method" name="__construct" visibility="public" complexity="3" crap="3" count="26"/>
      <line num="24" type="stmt" count="26"/>
      <line num="25" type="stmt" count="26"/>
      <line num="26" type="stmt" count="26"/>
      <line num="27" type="stmt" count="26"/>
      <line num="32" type="method" name="getOutputTrackList" visibility="public" complexity="1" crap="1" count="9"/>
      <line num="34" type="stmt" count="9"/>
      <line num="38" type="method" name="getInputTrackList" visibility="public" complexity="1" crap="1" count="3"/>
      <line num="40" type="stmt" count="3"/>
      <line num="43" type="method" name="getOutputTrack" visibility="public" complexity="1" crap="1" count="16"/>
      <line num="45" type="stmt" count="16"/>
      <line num="48" type="method" name="getInputTrack" visibility="public" complexity="1" crap="1" count="4"/>
      <line num="50" type="stmt" count="4"/>
      <metrics loc="53" ncloc="45" classes="1" methods="5" coveredmethods="5" conditionals="0" coveredconditionals="0" statements="8" coveredstatements="8" elements="13" coveredelements="13"/>
    </file>
    <file name="/app/anymapper/src/Analyzer/ClassAnalyzer.php">
      <class name="WebFu\Analyzer\ClassAnalyzer" namespace="global">
        <metrics complexity="25" methods="11" coveredmethods="11" conditionals="0" coveredconditionals="0" statements="55" coveredstatements="55" elements="66" coveredelements="66"/>
      </class>
      <line num="35" type="method" name="__construct" visibility="public" complexity="1" crap="1" count="46"/>
      <line num="37" type="stmt" count="46"/>
      <line num="39" type="stmt" count="46"/>
      <line num="42" type="method" name="init" visibility="private" complexity="15" crap="15" count="46"/>
      <line num="44" type="stmt" count="46"/>
      <line num="45" type="stmt" count="27"/>
      <line num="48" type="stmt" count="46"/>
      <line num="49" type="stmt" count="40"/>
      <line num="50" type="stmt" count="40"/>
      <line num="51" type="stmt" count="40"/>
      <line num="53" type="stmt" count="40"/>
      <line num="54" type="stmt" count="40"/>
      <line num="57" type="stmt" count="40"/>
      <line num="60" type="stmt" count="46"/>
      <line num="61" type="stmt" count="36"/>
      <line num="64" type="stmt" count="46"/>
      <line num="66" type="stmt" count="38"/>
      <line num="67" type="stmt" count="32"/>
      <line num="68" type="stmt" count="29"/>
      <line num="71" type="stmt" count="32"/>
      <line num="73" type="stmt" count="32"/>
      <line num="74" type="stmt" count="32"/>
      <line num="75" type="stmt" count="32"/>
      <line num="78" type="stmt" count="38"/>
      <line num="79" type="stmt" count="31"/>
      <line num="80" type="stmt" count="27"/>
      <line num="83" type="stmt" count="31"/>
      <line num="84" type="stmt" count="28"/>
      <line num="87" type="stmt" count="31"/>
      <line num="89" type="stmt" count="31"/>
      <line num="90" type="stmt" count="31"/>
      <line num="91" type="stmt" count="31"/>
      <line num="94" type="stmt" count="31"/>
      <line num="95" type="stmt" count="31"/>
      <line num="99" type="stmt" count="38"/>
      <line num="100" type="stmt" count="27"/>
      <line num="101" type="stmt" count="27"/>
      <line num="104" type="stmt" count="38"/>
      <line num="105" type="stmt" count="27"/>
      <line num="106" type="stmt" count="27"/>
      <line num="109" type="stmt" count="38"/>
      <line num="112" type="stmt" count="38"/>
      <line num="113" type="stmt" count="38"/>
      <line num="114" type="stmt" count="38"/>
      <line num="115" type="stmt" count="38"/>
      <line num="116" type="stmt" count="38"/>
      <line num="117" type="stmt" count="38"/>
      <line num="119" type="stmt" count="28"/>
      <line num="127" type="method" name="getProperties" visibility="public" complexity="1" crap="1" count="1"/>
      <line num="129" type="stmt" count="1"/>
      <line num="132" type="method" name="getConstructor" visibility="public" complexity="1" crap="1" count="7"/>
      <line num="134" type="stmt" count="7"/>
      <line num="140" type="method" name="getGenerators" visibility="public" complexity="1" crap="1" count="1"/>
      <line num="142" type="stmt" count="1"/>
      <line num="148" type="method" name="getGetters" visibility="public" complexity="1" crap="1" count="1"/>
      <line num="150" type="stmt" count="1"/>
      <line num="156" type="method" name="getSetters" visibility="public" complexity="1" crap="1" count="1"/>
      <line num="158" type="stmt" count="1"/>
      <line num="162" type="method" name="getOutputTrackList" visibility="public" complexity="1" crap="1" count="2"/>
      <line num="164" type="stmt" count="2"/>
      <line num="168" type="method" name="getInputTrackList" visibility="public" complexity="1" crap="1" count="1"/>
      <line num="170" type="stmt" count="1"/>
      <line num="173" type="method" name="getOutputTrack" visibility="public" complexity="1" crap="1" count="20"/>
      <line num="175" type="stmt" count="20"/>
      <line num="178" type="method" name="getInputTrack" visibility="public" complexity="1" crap="1" count="18"/>
      <line num="180" type="stmt" count="18"/>
      <metrics loc="183" ncloc="157" classes="1" methods="11" coveredmethods="11" conditionals="0" coveredconditionals="0" statements="55" coveredstatements="55" elements="66" coveredelements="66"/>
    </file>
    <file name="/app/anymapper/src/Analyzer/DataType.php">
      <class name="WebFu\Analyzer\DataType" namespace="global">
        <metrics complexity="0" methods="0" coveredmethods="0" conditionals="0" coveredconditionals="0" statements="0" coveredstatements="0" elements="0" coveredelements="0"/>
      </class>
      <metrics loc="18" ncloc="18" classes="0" methods="0" coveredmethods="0" conditionals="0" coveredconditionals="0" statements="0" coveredstatements="0" elements="0" coveredelements="0"/>
    </file>
    <file name="/app/anymapper/src/Analyzer/Track.php">
      <class name="WebFu\Analyzer\Track" namespace="global">
        <metrics complexity="4" methods="4" coveredmethods="4" conditionals="0" coveredconditionals="0" statements="4" coveredstatements="4" elements="8" coveredelements="8"/>
      </class>
      <line num="14" type="method" name="__construct" visibility="public" complexity="1" crap="1" count="59"/>
      <line num="19" type="stmt" count="59"/>
      <line num="21" type="method" name="getName" visibility="public" complexity="1" crap="1" count="18"/>
      <line num="23" type="stmt" count="18"/>
      <line num="29" type="method" name="getSource" visibility="public" complexity="1" crap="1" count="18"/>
      <line num="31" type="stmt" count="18"/>
      <line num="34" type="method" name="getDataTypes" visibility="public" complexity="1" crap="1" count="5"/>
      <line num="36" type="stmt" count="5"/>
      <metrics loc="39" ncloc="33" classes="1" methods="4" coveredmethods="4" conditionals="0" coveredconditionals="0" statements="4" coveredstatements="4" elements="8" coveredelements="8"/>
    </file>
    <file name="/app/anymapper/src/Analyzer/TrackType.php">
      <class name="WebFu\Analyzer\TrackType" namespace="global">
        <metrics complexity="0" methods="0" coveredmethods="0" conditionals="0" coveredconditionals="0" statements="0" coveredstatements="0" elements="0" coveredelements="0"/>
      </class>
      <metrics loc="14" ncloc="14" classes="0" methods="0" coveredmethods="0" conditionals="0" coveredconditionals="0" statements="0" coveredstatements="0" elements="0" coveredelements="0"/>
    </file>
    <file name="/app/anymapper/src/AnyMapper/AnyMapper.php">
      <class name="WebFu\AnyMapper\AnyMapper" namespace="global">
        <metrics complexity="14" methods="7" coveredmethods="7" conditionals="0" coveredconditionals="0" statements="31" coveredstatements="31" elements="38" coveredelements="38"/>
      </class>
      <line num="17" type="method" name="__construct" visibility="public" complexity="2" crap="2" count="7"/>
      <line num="19" type="stmt" count="7"/>
      <line num="25" type="method" name="map" visibility="public" complexity="1" crap="1" count="6"/>
      <line num="27" type="stmt" count="6"/>
      <line num="29" type="stmt" count="6"/>
      <line num="32" type="method" name="using" visibility="public" complexity="1" crap="1" count="3"/>
      <line num="34" type="stmt" count="3"/>
      <line num="36" type="stmt" count="3"/>
      <line num="42" type="method" name="into" visibility="public" complexity="1" crap="1" count="2"/>
      <line num="44" type="stmt" count="2"/>
      <line num="46" type="stmt" count="2"/>
      <line num="52" type="method" name="as" visibility="public" complexity="2" crap="2" count="4"/>
      <line num="54" type="stmt" count="4"/>
      <line num="55" type="stmt" count="1"/>
      <line num="58" type="stmt" count="3"/>
      <line num="59" type="stmt" count="3"/>
      <line num="61" type="stmt" count="3"/>
      <line num="67" type="method" name="serialize" visibility="public" complexity="4" crap="4" count="1"/>
      <line num="69" type="stmt" count="1"/>
      <line num="71" type="stmt" count="1"/>
      <line num="72" type="stmt" count="1"/>
      <line num="73" type="stmt" count="1"/>
      <line num="75" type="stmt" count="1"/>
      <line num="76" type="stmt" count="1"/>
      <line num="78" type="stmt" count="1"/>
      <line num="80" type="stmt" count="1"/>
      <line num="83" type="stmt" count="1"/>
      <line num="89" type="method" name="run" visibility="public" complexity="3" crap="3" count="5"/>
      <line num="91" type="stmt" count="5"/>
      <line num="92" type="stmt" count="5"/>
      <line num="94" type="stmt" count="5"/>
      <line num="95" type="stmt" count="5"/>
      <line num="97" type="stmt" count="5"/>
      <line num="98" type="stmt" count="2"/>
      <line num="101" type="stmt" count="5"/>
      <line num="103" type="stmt" count="5"/>
      <line num="105" type="stmt" count="5"/>
      <line num="108" type="stmt" count="5"/>
      <metrics loc="111" ncloc="96" classes="1" methods="7" coveredmethods="7" conditionals="0" coveredconditionals="0" statements="31" coveredstatements="31" elements="38" coveredelements="38"/>
    </file>
    <file name="/app/anymapper/src/AnyMapper/Caster.php">
      <class name="WebFu\AnyMapper\Caster" namespace="global">
        <metrics complexity="15" methods="4" coveredmethods="3" conditionals="0" coveredconditionals="0" statements="39" coveredstatements="35" elements="43" coveredelements="38"/>
      </class>
      <line num="56" type="method" name="__construct" visibility="public" complexity="1" crap="1" count="27"/>
      <line num="59" type="stmt" count="27"/>
      <line num="61" type="method" name="as" visibility="public" complexity="10" crap="10.69" count="27"/>
      <line num="63" type="stmt" count="27"/>
      <line num="65" type="stmt" count="27"/>
      <line num="66" type="stmt" count="0"/>
      <line num="70" type="stmt" count="27"/>
      <line num="71" type="stmt" count="27"/>
      <line num="73" type="stmt" count="1"/>
      <line num="74" type="stmt" count="1"/>
      <line num="75" type="stmt" count="1"/>
      <line num="76" type="stmt" count="1"/>
      <line num="78" type="stmt" count="1"/>
      <line num="81" type="stmt" count="27"/>
      <line num="82" type="stmt" count="0"/>
      <line num="85" type="stmt" count="27"/>
      <line num="87" type="stmt" count="27"/>
      <line num="88" type="stmt" count="0"/>
      <line num="91" type="stmt" count="27"/>
      <line num="92" type="stmt" count="23"/>
      <line num="96" type="stmt" count="4"/>
      <line num="97" type="stmt" count="4"/>
      <line num="99" type="stmt" count="4"/>
      <line num="102" type="stmt" count="0"/>
      <line num="105" type="method" name="scalarConversion" visibility="private" complexity="1" crap="1" count="23"/>
      <line num="107" type="stmt" count="23"/>
      <line num="108" type="stmt" count="23"/>
      <line num="109" type="stmt" count="23"/>
      <line num="110" type="stmt" count="23"/>
      <line num="111" type="stmt" count="23"/>
      <line num="112" type="stmt" count="23"/>
      <line num="113" type="stmt" count="23"/>
      <line num="114" type="stmt" count="23"/>
      <line num="115" type="stmt" count="23"/>
      <line num="121" type="method" name="complexConversion" visibility="private" complexity="3" crap="3" count="4"/>
      <line num="123" type="stmt" count="4"/>
      <line num="125" type="stmt" count="4"/>
      <line num="126" type="stmt" count="2"/>
      <line num="129" type="stmt" count="2"/>
      <line num="130" type="stmt" count="2"/>
      <line num="131" type="stmt" count="2"/>
      <line num="132" type="stmt" count="2"/>
      <line num="133" type="stmt" count="2"/>
      <metrics loc="136" ncloc="133" classes="1" methods="4" coveredmethods="3" conditionals="0" coveredconditionals="0" statements="39" coveredstatements="35" elements="43" coveredelements="38"/>
    </file>
    <file name="/app/anymapper/src/AnyMapper/CasterException.php">
      <class name="WebFu\AnyMapper\CasterException" namespace="global">
        <metrics complexity="0" methods="0" coveredmethods="0" conditionals="0" coveredconditionals="0" statements="0" coveredstatements="0" elements="0" coveredelements="0"/>
      </class>
      <metrics loc="12" ncloc="12" classes="0" methods="0" coveredmethods="0" conditionals="0" coveredconditionals="0" statements="0" coveredstatements="0" elements="0" coveredelements="0"/>
    </file>
    <file name="/app/anymapper/src/AnyMapper/MapperException.php">
      <class name="WebFu\AnyMapper\MapperException" namespace="global">
        <metrics complexity="0" methods="0" coveredmethods="0" conditionals="0" coveredconditionals="0" statements="0" coveredstatements="0" elements="0" coveredelements="0"/>
      </class>
      <metrics loc="12" ncloc="12" classes="0" methods="0" coveredmethods="0" conditionals="0" coveredconditionals="0" statements="0" coveredstatements="0" elements="0" coveredelements="0"/>
    </file>
    <file name="/app/anymapper/src/AnyMapper/Strategy/AutodetectStrategy.php">
      <class name="WebFu\AnyMapper\Strategy\AutodetectStrategy" namespace="global">
        <metrics complexity="7" methods="1" coveredmethods="1" conditionals="0" coveredconditionals="0" statements="21" coveredstatements="21" elements="22" coveredelements="22"/>
      </class>
      <line num="15" type="method" name="cast" visibility="public" complexity="7" crap="7" count="5"/>
      <line num="17" type="stmt" count="5"/>
      <line num="18" type="stmt" count="5"/>
      <line num="20" type="stmt" count="5"/>
      <line num="21" type="stmt" count="1"/>
      <line num="25" type="stmt" count="4"/>
      <line num="26" type="stmt" count="4"/>
      <line num="27" type="stmt" count="4"/>
      <line num="28" type="stmt" count="4"/>
      <line num="30" type="stmt" count="4"/>
      <line num="31" type="stmt" count="4"/>
      <line num="34" type="stmt" count="4"/>
      <line num="35" type="stmt" count="1"/>
      <line num="39" type="stmt" count="3"/>
      <line num="40" type="stmt" count="1"/>
      <line num="43" type="stmt" count="2"/>
      <line num="45" type="stmt" count="2"/>
      <line num="46" type="stmt" count="2"/>
      <line num="47" type="stmt" count="2"/>
      <line num="48" type="stmt" count="1"/>
      <line num="50" type="stmt" count="1"/>
      <line num="54" type="stmt" count="3"/>
      <metrics loc="57" ncloc="54" classes="1" methods="1" coveredmethods="1" conditionals="0" coveredconditionals="0" statements="21" coveredstatements="21" elements="22" coveredelements="22"/>
    </file>
    <file name="/app/anymapper/src/AnyMapper/Strategy/DataCastingStrategy.php">
      <class name="WebFu\AnyMapper\Strategy\DataCastingStrategy" namespace="global">
        <metrics complexity="5" methods="2" coveredmethods="2" conditionals="0" coveredconditionals="0" statements="12" coveredstatements="12" elements="14" coveredelements="14"/>
      </class>
      <line num="19" type="method" name="allow" visibility="public" complexity="1" crap="1" count="3"/>
      <line num="21" type="stmt" count="3"/>
      <line num="23" type="stmt" count="3"/>
      <line num="26" type="method" name="cast" visibility="public" complexity="4" crap="4" count="9"/>
      <line num="28" type="stmt" count="9"/>
      <line num="29" type="stmt" count="9"/>
      <line num="31" type="stmt" count="9"/>
      <line num="32" type="stmt" count="1"/>
      <line num="35" type="stmt" count="9"/>
      <line num="37" type="stmt" count="9"/>
      <line num="38" type="stmt" count="9"/>
      <line num="39" type="stmt" count="5"/>
      <line num="41" type="stmt" count="8"/>
      <line num="44" type="stmt" count="1"/>
      <metrics loc="47" ncloc="46" classes="1" methods="2" coveredmethods="2" conditionals="0" coveredconditionals="0" statements="12" coveredstatements="12" elements="14" coveredelements="14"/>
    </file>
    <file name="/app/anymapper/src/AnyMapper/Strategy/DocBlockDetectStrategy.php">
      <class name="WebFu\AnyMapper\Strategy\DocBlockDetectStrategy" namespace="global">
        <metrics complexity="8" methods="1" coveredmethods="0" conditionals="0" coveredconditionals="0" statements="23" coveredstatements="18" elements="24" coveredelements="18"/>
      </class>
      <line num="15" type="method" name="cast" visibility="public" complexity="8" crap="8.66" count="2"/>
      <line num="17" type="stmt" count="2"/>
      <line num="19" type="stmt" count="2"/>
      <line num="21" type="stmt" count="0"/>
      <line num="24" type="stmt" count="2"/>
      <line num="26" type="stmt" count="2"/>
      <line num="28" type="stmt" count="1"/>
      <line num="32" type="stmt" count="1"/>
      <line num="33" type="stmt" count="1"/>
      <line num="34" type="stmt" count="1"/>
      <line num="35" type="stmt" count="1"/>
      <line num="37" type="stmt" count="1"/>
      <line num="38" type="stmt" count="1"/>
      <line num="41" type="stmt" count="1"/>
      <line num="42" type="stmt" count="0"/>
      <line num="46" type="stmt" count="1"/>
      <line num="47" type="stmt" count="0"/>
      <line num="50" type="stmt" count="1"/>
      <line num="52" type="stmt" count="1"/>
      <line num="54" type="stmt" count="1"/>
      <line num="55" type="stmt" count="1"/>
      <line num="56" type="stmt" count="0"/>
      <line num="58" type="stmt" count="1"/>
      <line num="62" type="stmt" count="0"/>
      <metrics loc="65" ncloc="60" classes="1" methods="1" coveredmethods="0" conditionals="0" coveredconditionals="0" statements="23" coveredstatements="18" elements="24" coveredelements="18"/>
    </file>
    <file name="/app/anymapper/src/AnyMapper/Strategy/SQLFetchStrategy.php">
      <class name="WebFu\AnyMapper\Strategy\SQLFetchStrategy" namespace="global">
        <metrics complexity="0" methods="0" coveredmethods="0" conditionals="0" coveredconditionals="0" statements="0" coveredstatements="0" elements="0" coveredelements="0"/>
      </class>
      <metrics loc="20" ncloc="20" classes="0" methods="0" coveredmethods="0" conditionals="0" coveredconditionals="0" statements="0" coveredstatements="0" elements="0" coveredelements="0"/>
    </file>
    <file name="/app/anymapper/src/AnyMapper/Strategy/StrategyInterface.php">
      <metrics loc="13" ncloc="13" classes="0" methods="0" coveredmethods="0" conditionals="0" coveredconditionals="0" statements="0" coveredstatements="0" elements="0" coveredelements="0"/>
    </file>
    <file name="/app/anymapper/src/AnyMapper/Strategy/StrictStrategy.php">
      <class name="WebFu\AnyMapper\Strategy\StrictStrategy" namespace="global">
        <metrics complexity="8" methods="2" coveredmethods="2" conditionals="0" coveredconditionals="0" statements="13" coveredstatements="13" elements="15" coveredelements="15"/>
      </class>
      <line num="18" type="method" name="isCastable" visibility="public" complexity="6" crap="6" count="35"/>
      <line num="20" type="stmt" count="35"/>
      <line num="22" type="stmt" count="6"/>
      <line num="25" type="stmt" count="29"/>
      <line num="27" type="stmt" count="12"/>
      <line num="31" type="stmt" count="18"/>
      <line num="32" type="stmt" count="18"/>
      <line num="35" type="stmt" count="4"/>
      <line num="38" type="stmt" count="14"/>
      <line num="41" type="method" name="cast" visibility="public" complexity="2" crap="2" count="21"/>
      <line num="43" type="stmt" count="21"/>
      <line num="44" type="stmt" count="21"/>
      <line num="46" type="stmt" count="21"/>
      <line num="47" type="stmt" count="20"/>
      <line num="50" type="stmt" count="1"/>
      <metrics loc="53" ncloc="47" classes="1" methods="2" coveredmethods="2" conditionals="0" coveredconditionals="0" statements="13" coveredstatements="13" elements="15" coveredelements="15"/>
    </file>
    <file name="/app/anymapper/src/Internal/camelcase_to_underscore.php">
      <line num="12" type="stmt" count="59"/>
      <line num="13" type="stmt" count="14"/>
      <line num="15" type="stmt" count="57"/>
      <line num="16" type="stmt" count="57"/>
      <line num="18" type="stmt" count="57"/>
      <line num="20" type="stmt" count="57"/>
      <metrics loc="22" ncloc="19" classes="0" methods="0" coveredmethods="0" conditionals="0" coveredconditionals="0" statements="6" coveredstatements="6" elements="6" coveredelements="6"/>
    </file>
    <file name="/app/anymapper/src/Internal/get_type.php">
      <line num="9" type="stmt" count="69"/>
      <line num="10" type="stmt" count="69"/>
      <line num="11" type="stmt" count="1"/>
      <line num="13" type="stmt" count="69"/>
      <metrics loc="15" ncloc="15" classes="0" methods="0" coveredmethods="0" conditionals="0" coveredconditionals="0" statements="4" coveredstatements="4" elements="4" coveredelements="4"/>
    </file>
    <file name="/app/anymapper/src/Proxy/Proxy.php">
      <class name="WebFu\Proxy\Proxy" namespace="global">
        <metrics complexity="9" methods="5" coveredmethods="5" conditionals="0" coveredconditionals="0" statements="30" coveredstatements="30" elements="35" coveredelements="35"/>
      </class>
      <line num="20" type="method" name="__construct" visibility="public" complexity="1" crap="1" count="20"/>
      <line num="22" type="stmt" count="20"/>
      <line num="23" type="stmt" count="20"/>
      <line num="29" type="method" name="getElement" visibility="public" complexity="1" crap="1" count="5"/>
      <line num="31" type="stmt" count="5"/>
      <line num="34" type="method" name="getAnalyzer" visibility="public" complexity="1" crap="1" count="6"/>
      <line num="36" type="stmt" count="6"/>
      <line num="42" type="method" name="get" visibility="public" complexity="3" crap="3" count="19"/>
      <line num="44" type="stmt" count="19"/>
      <line num="45" type="stmt" count="19"/>
      <line num="47" type="stmt" count="19"/>
      <line num="48" type="stmt" count="1"/>
      <line num="51" type="stmt" count="18"/>
      <line num="52" type="stmt" count="18"/>
      <line num="53" type="stmt" count="18"/>
      <line num="55" type="stmt" count="18"/>
      <line num="56" type="stmt" count="18"/>
      <line num="58" type="stmt" count="18"/>
      <line num="59" type="stmt" count="18"/>
      <line num="62" type="stmt" count="3"/>
      <line num="64" type="stmt" count="3"/>
      <line num="67" type="method" name="set" visibility="public" complexity="3" crap="3" count="10"/>
      <line num="69" type="stmt" count="10"/>
      <line num="70" type="stmt" count="10"/>
      <line num="72" type="stmt" count="10"/>
      <line num="73" type="stmt" count="10"/>
      <line num="75" type="stmt" count="1"/>
      <line num="78" type="stmt" count="10"/>
      <line num="80" type="stmt" count="10"/>
      <line num="81" type="stmt" count="1"/>
      <line num="84" type="stmt" count="9"/>
      <line num="85" type="stmt" count="9"/>
      <line num="86" type="stmt" count="9"/>
      <line num="88" type="stmt" count="9"/>
      <line num="89" type="stmt" count="9"/>
      <metrics loc="92" ncloc="79" classes="1" methods="5" coveredmethods="5" conditionals="0" coveredconditionals="0" statements="30" coveredstatements="30" elements="35" coveredelements="35"/>
    </file>
    <file name="/app/anymapper/src/Proxy/ProxyException.php">
      <class name="WebFu\Proxy\ProxyException" namespace="global">
        <metrics complexity="0" methods="0" coveredmethods="0" conditionals="0" coveredconditionals="0" statements="0" coveredstatements="0" elements="0" coveredelements="0"/>
      </class>
      <metrics loc="12" ncloc="12" classes="0" methods="0" coveredmethods="0" conditionals="0" coveredconditionals="0" statements="0" coveredstatements="0" elements="0" coveredelements="0"/>
    </file>
    <file name="/app/anymapper/src/bootstrap.php">
      <line num="5" type="stmt" count="0"/>
      <line num="6" type="stmt" count="0"/>
      <line num="7" type="stmt" count="0"/>
      <line num="8" type="stmt" count="0"/>
      <line num="10" type="stmt" count="0"/>
      <line num="11" type="stmt" count="0"/>
      <line num="12" type="stmt" count="0"/>
      <line num="15" type="stmt" count="0"/>
      <metrics loc="17" ncloc="17" classes="0" methods="0" coveredmethods="0" conditionals="0" coveredconditionals="0" statements="8" coveredstatements="0" elements="8" coveredelements="0"/>
    </file>
    <metrics files="23" loc="1040" ncloc="948" classes="11" methods="43" coveredmethods="41" conditionals="0" coveredconditionals="0" statements="257" coveredstatements="240" elements="300" coveredelements="281"/>
  </project>
</coverage>
