<?xml version="1.0" encoding="UTF-8"?>
<coverage generated="1680877378">
  <project timestamp="1680877378">
    <file name="/app/php-dot-notation/src/Dot/Dot.php">
      <class name="WebFu\Dot\Dot" namespace="global">
        <metrics complexity="9" methods="3" coveredmethods="3" conditionals="0" coveredconditionals="0" statements="19" coveredstatements="19" elements="22" coveredelements="22"/>
      </class>
      <line num="18" type="method" name="__construct" visibility="public" complexity="1" crap="1" count="19"/>
      <line num="20" type="stmt" count="19"/>
      <line num="23" type="method" name="get" visibility="public" complexity="5" crap="5" count="15"/>
      <line num="25" type="stmt" count="15"/>
      <line num="27" type="stmt" count="15"/>
      <line num="28" type="stmt" count="15"/>
      <line num="30" type="stmt" count="15"/>
      <line num="31" type="stmt" count="1"/>
      <line num="34" type="stmt" count="14"/>
      <line num="36" type="stmt" count="14"/>
      <line num="37" type="stmt" count="10"/>
      <line num="41" type="stmt" count="7"/>
      <line num="42" type="stmt" count="7"/>
      <line num="44" type="stmt" count="4"/>
      <line num="45" type="stmt" count="4"/>
      <line num="48" type="stmt" count="3"/>
      <line num="50" type="stmt" count="3"/>
      <line num="53" type="method" name="validatePath" visibility="public" complexity="3" crap="3" count="19"/>
      <line num="55" type="stmt" count="19"/>
      <line num="57" type="stmt" count="19"/>
      <line num="58" type="stmt" count="19"/>
      <line num="59" type="stmt" count="4"/>
      <metrics loc="63" ncloc="59" classes="1" methods="3" coveredmethods="3" conditionals="0" coveredconditionals="0" statements="19" coveredstatements="19" elements="22" coveredelements="22"/>
    </file>
    <file name="/app/php-dot-notation/src/Dot/InvalidPathException.php">
      <class name="WebFu\Dot\InvalidPathException" namespace="global">
        <metrics complexity="0" methods="0" coveredmethods="0" conditionals="0" coveredconditionals="0" statements="0" coveredstatements="0" elements="0" coveredelements="0"/>
      </class>
      <metrics loc="12" ncloc="12" classes="0" methods="0" coveredmethods="0" conditionals="0" coveredconditionals="0" statements="0" coveredstatements="0" elements="0" coveredelements="0"/>
    </file>
    <file name="/app/php-dot-notation/src/Dot/PathNotFoundException.php">
      <class name="WebFu\Dot\PathNotFoundException" namespace="global">
        <metrics complexity="0" methods="0" coveredmethods="0" conditionals="0" coveredconditionals="0" statements="0" coveredstatements="0" elements="0" coveredelements="0"/>
      </class>
      <metrics loc="12" ncloc="12" classes="0" methods="0" coveredmethods="0" conditionals="0" coveredconditionals="0" statements="0" coveredstatements="0" elements="0" coveredelements="0"/>
    </file>
    <file name="/app/php-dot-notation/src/Proxy/ArrayProxy.php">
      <class name="WebFu\Proxy\ArrayProxy" namespace="global">
        <metrics complexity="5" methods="5" coveredmethods="5" conditionals="0" coveredconditionals="0" statements="6" coveredstatements="6" elements="11" coveredelements="11"/>
      </class>
      <line num="12" type="method" name="__construct" visibility="public" complexity="1" crap="1" count="27"/>
      <line num="14" type="stmt" count="27"/>
      <line num="16" type="method" name="has" visibility="public" complexity="1" crap="1" count="15"/>
      <line num="18" type="stmt" count="15"/>
      <line num="24" type="method" name="getKeys" visibility="public" complexity="1" crap="1" count="5"/>
      <line num="26" type="stmt" count="5"/>
      <line num="29" type="method" name="get" visibility="public" complexity="1" crap="1" count="12"/>
      <line num="31" type="stmt" count="12"/>
      <line num="34" type="method" name="set" visibility="public" complexity="1" crap="1" count="1"/>
      <line num="36" type="stmt" count="1"/>
      <line num="38" type="stmt" count="1"/>
      <metrics loc="41" ncloc="35" classes="1" methods="5" coveredmethods="5" conditionals="0" coveredconditionals="0" statements="6" coveredstatements="6" elements="11" coveredelements="11"/>
    </file>
    <file name="/app/php-dot-notation/src/Proxy/ClassProxy.php">
      <class name="WebFu\Proxy\ClassProxy" namespace="global">
        <metrics complexity="9" methods="5" coveredmethods="5" conditionals="0" coveredconditionals="0" statements="17" coveredstatements="17" elements="22" coveredelements="22"/>
      </class>
      <line num="16" type="method" name="__construct" visibility="public" complexity="3" crap="3" count="17"/>
      <line num="18" type="stmt" count="17"/>
      <line num="20" type="stmt" count="17"/>
      <line num="21" type="stmt" count="9"/>
      <line num="24" type="stmt" count="17"/>
      <line num="25" type="stmt" count="7"/>
      <line num="29" type="method" name="has" visibility="public" complexity="1" crap="1" count="12"/>
      <line num="31" type="stmt" count="12"/>
      <line num="37" type="method" name="getKeys" visibility="public" complexity="1" crap="1" count="1"/>
      <line num="39" type="stmt" count="1"/>
      <line num="42" type="method" name="get" visibility="public" complexity="2" crap="2" count="8"/>
      <line num="44" type="stmt" count="8"/>
      <line num="46" type="stmt" count="8"/>
      <line num="47" type="stmt" count="2"/>
      <line num="49" type="stmt" count="2"/>
      <line num="52" type="stmt" count="6"/>
      <line num="55" type="method" name="set" visibility="public" complexity="2" crap="2" count="2"/>
      <line num="57" type="stmt" count="2"/>
      <line num="59" type="stmt" count="2"/>
      <line num="60" type="stmt" count="1"/>
      <line num="63" type="stmt" count="1"/>
      <line num="65" type="stmt" count="1"/>
      <metrics loc="68" ncloc="64" classes="1" methods="5" coveredmethods="5" conditionals="0" coveredconditionals="0" statements="17" coveredstatements="17" elements="22" coveredelements="22"/>
    </file>
    <file name="/app/php-dot-notation/src/Proxy/ProxyFactory.php">
      <class name="WebFu\Proxy\ProxyFactory" namespace="global">
        <metrics complexity="2" methods="1" coveredmethods="1" conditionals="0" coveredconditionals="0" statements="3" coveredstatements="3" elements="4" coveredelements="4"/>
      </class>
      <line num="12" type="method" name="create" visibility="public" complexity="2" crap="2" count="19"/>
      <line num="14" type="stmt" count="19"/>
      <line num="15" type="stmt" count="15"/>
      <line num="17" type="stmt" count="6"/>
      <metrics loc="20" ncloc="17" classes="1" methods="1" coveredmethods="1" conditionals="0" coveredconditionals="0" statements="3" coveredstatements="3" elements="4" coveredelements="4"/>
    </file>
    <file name="/app/php-dot-notation/src/Proxy/ProxyInterface.php">
      <metrics loc="15" ncloc="14" classes="0" methods="0" coveredmethods="0" conditionals="0" coveredconditionals="0" statements="0" coveredstatements="0" elements="0" coveredelements="0"/>
    </file>
    <file name="/app/php-dot-notation/src/Proxy/UnsupportedOperationException.php">
      <class name="WebFu\Proxy\UnsupportedOperationException" namespace="global">
        <metrics complexity="0" methods="0" coveredmethods="0" conditionals="0" coveredconditionals="0" statements="0" coveredstatements="0" elements="0" coveredelements="0"/>
      </class>
      <metrics loc="12" ncloc="12" classes="0" methods="0" coveredmethods="0" conditionals="0" coveredconditionals="0" statements="0" coveredstatements="0" elements="0" coveredelements="0"/>
    </file>
    <metrics files="8" loc="243" ncloc="225" classes="4" methods="14" coveredmethods="14" conditionals="0" coveredconditionals="0" statements="45" coveredstatements="45" elements="59" coveredelements="59"/>
  </project>
</coverage>
