<?xml version="1.0" encoding="UTF-8"?>
<coverage generated="1681310118">
  <project timestamp="1681310118">
    <file name="/app/reflection/src/Reflection/AbstractReflection.php">
      <class name="WebFu\Reflection\AbstractReflection" namespace="global">
        <metrics complexity="2" methods="1" coveredmethods="1" conditionals="0" coveredconditionals="0" statements="4" coveredstatements="4" elements="5" coveredelements="5"/>
      </class>
      <line num="16" type="method" name="getAnnotations" visibility="public" complexity="2" crap="2" count="10"/>
      <line num="19" type="stmt" count="10"/>
      <line num="20" type="stmt" count="10"/>
      <line num="23" type="stmt" count="10"/>
      <line num="25" type="stmt" count="10"/>
      <metrics loc="28" ncloc="23" classes="1" methods="1" coveredmethods="1" conditionals="0" coveredconditionals="0" statements="4" coveredstatements="4" elements="5" coveredelements="5"/>
    </file>
    <file name="/app/reflection/src/Reflection/ReflectionClass.php">
      <class name="WebFu\Reflection\ReflectionClass" namespace="global">
        <metrics complexity="70" methods="55" coveredmethods="50" conditionals="0" coveredconditionals="0" statements="75" coveredstatements="66" elements="130" coveredelements="116"/>
      </class>
      <line num="14" type="method" name="__construct" visibility="public" complexity="1" crap="1" count="75"/>
      <line num="16" type="stmt" count="75"/>
      <line num="22" type="method" name="getAttributes" visibility="public" complexity="1" crap="1" count="1"/>
      <line num="24" type="stmt" count="1"/>
      <line num="27" type="method" name="getConstant" visibility="public" complexity="3" crap="3" count="4"/>
      <line num="29" type="stmt" count="4"/>
      <line num="30" type="stmt" count="4"/>
      <line num="31" type="stmt" count="3"/>
      <line num="34" type="stmt" count="1"/>
      <line num="40" type="method" name="getConstants" visibility="public" complexity="2" crap="2" count="1"/>
      <line num="42" type="stmt" count="1"/>
      <line num="43" type="stmt" count="1"/>
      <line num="44" type="stmt" count="1"/>
      <line num="46" type="stmt" count="1"/>
      <line num="49" type="method" name="getConstructor" visibility="public" complexity="2" crap="2" count="1"/>
      <line num="51" type="stmt" count="1"/>
      <line num="52" type="stmt" count="1"/>
      <line num="55" type="stmt" count="1"/>
      <line num="61" type="method" name="getDefaultProperties" visibility="public" complexity="1" crap="1" count="1"/>
      <line num="63" type="stmt" count="1"/>
      <line num="66" type="method" name="getDocComment" visibility="public" complexity="2" crap="2" count="2"/>
      <line num="68" type="stmt" count="2"/>
      <line num="71" type="method" name="getEndLine" visibility="public" complexity="2" crap="2" count="1"/>
      <line num="73" type="stmt" count="1"/>
      <line num="76" type="method" name="getExtension" visibility="public" complexity="1" crap="1" count="1"/>
      <line num="78" type="stmt" count="1"/>
      <line num="81" type="method" name="getExtensionName" visibility="public" complexity="2" crap="2" count="1"/>
      <line num="83" type="stmt" count="1"/>
      <line num="86" type="method" name="getFileName" visibility="public" complexity="2" crap="2" count="10"/>
      <line num="88" type="stmt" count="10"/>
      <line num="94" type="method" name="getInterfaceNames" visibility="public" complexity="1" crap="1" count="1"/>
      <line num="96" type="stmt" count="1"/>
      <line num="102" type="method" name="getInterfaces" visibility="public" complexity="1" crap="1" count="1"/>
      <line num="104" type="stmt" count="1"/>
      <line num="107" type="method" name="getMethod" visibility="public" complexity="1" crap="1" count="3"/>
      <line num="109" type="stmt" count="3"/>
      <line num="115" type="method" name="getMethods" visibility="public" complexity="1" crap="1" count="1"/>
      <line num="117" type="stmt" count="1"/>
      <line num="118" type="stmt" count="1"/>
      <line num="121" type="method" name="getModifiers" visibility="public" complexity="1" crap="1" count="1"/>
      <line num="123" type="stmt" count="1"/>
      <line num="129" type="method" name="getName" visibility="public" complexity="1" crap="1" count="13"/>
      <line num="131" type="stmt" count="13"/>
      <line num="134" type="method" name="getNamespaceName" visibility="public" complexity="1" crap="1" count="8"/>
      <line num="136" type="stmt" count="8"/>
      <line num="139" type="method" name="getParentClass" visibility="public" complexity="2" crap="2" count="1"/>
      <line num="141" type="stmt" count="1"/>
      <line num="143" type="stmt" count="1"/>
      <line num="144" type="stmt" count="1"/>
      <line num="147" type="stmt" count="1"/>
      <line num="153" type="method" name="getProperties" visibility="public" complexity="1" crap="1" count="1"/>
      <line num="155" type="stmt" count="1"/>
      <line num="158" type="method" name="getProperty" visibility="public" complexity="2" crap="2" count="9"/>
      <line num="160" type="stmt" count="9"/>
      <line num="161" type="stmt" count="1"/>
      <line num="163" type="stmt" count="8"/>
      <line num="166" type="method" name="getReflectionConstant" visibility="public" complexity="2" crap="6" count="0"/>
      <line num="168" type="stmt" count="0"/>
      <line num="169" type="stmt" count="0"/>
      <line num="172" type="stmt" count="0"/>
      <line num="178" type="method" name="getReflectionConstants" visibility="public" complexity="1" crap="1" count="5"/>
      <line num="180" type="stmt" count="5"/>
      <line num="183" type="method" name="getShortName" visibility="public" complexity="1" crap="1" count="1"/>
      <line num="185" type="stmt" count="1"/>
      <line num="188" type="method" name="getStartLine" visibility="public" complexity="2" crap="2" count="1"/>
      <line num="190" type="stmt" count="1"/>
      <line num="196" type="method" name="getStaticProperties" visibility="public" complexity="1" crap="1" count="1"/>
      <line num="198" type="stmt" count="1"/>
      <line num="201" type="method" name="getStaticPropertyValue" visibility="public" complexity="2" crap="6" count="0"/>
      <line num="203" type="stmt" count="0"/>
      <line num="204" type="stmt" count="0"/>
      <line num="207" type="stmt" count="0"/>
      <line num="213" type="method" name="getTraitAliases" visibility="public" complexity="1" crap="1" count="1"/>
      <line num="215" type="stmt" count="1"/>
      <line num="221" type="method" name="getTraitNames" visibility="public" complexity="1" crap="1" count="1"/>
      <line num="223" type="stmt" count="1"/>
      <line num="229" type="method" name="getTraits" visibility="public" complexity="1" crap="1" count="1"/>
      <line num="231" type="stmt" count="1"/>
      <line num="237" type="method" name="getUseStatements" visibility="public" complexity="1" crap="1" count="8"/>
      <line num="239" type="stmt" count="8"/>
      <line num="242" type="method" name="hasConstant" visibility="public" complexity="1" crap="1" count="1"/>
      <line num="244" type="stmt" count="1"/>
      <line num="247" type="method" name="hasMethod" visibility="public" complexity="1" crap="1" count="1"/>
      <line num="249" type="stmt" count="1"/>
      <line num="252" type="method" name="hasProperty" visibility="public" complexity="1" crap="1" count="1"/>
      <line num="254" type="stmt" count="1"/>
      <line num="257" type="method" name="implementsInterface" visibility="public" complexity="1" crap="1" count="1"/>
      <line num="259" type="stmt" count="1"/>
      <line num="261" type="stmt" count="1"/>
      <line num="264" type="method" name="inNamespace" visibility="public" complexity="1" crap="1" count="1"/>
      <line num="266" type="stmt" count="1"/>
      <line num="269" type="method" name="isAbstract" visibility="public" complexity="1" crap="1" count="1"/>
      <line num="271" type="stmt" count="1"/>
      <line num="274" type="method" name="isAnonymous" visibility="public" complexity="1" crap="1" count="1"/>
      <line num="276" type="stmt" count="1"/>
      <line num="279" type="method" name="isCloneable" visibility="public" complexity="1" crap="1" count="1"/>
      <line num="281" type="stmt" count="1"/>
      <line num="284" type="method" name="isEnum" visibility="public" complexity="2" crap="6" count="0"/>
      <line num="286" type="stmt" count="0"/>
      <line num="289" type="method" name="isFinal" visibility="public" complexity="1" crap="1" count="1"/>
      <line num="291" type="stmt" count="1"/>
      <line num="294" type="method" name="isInstance" visibility="public" complexity="1" crap="1" count="1"/>
      <line num="296" type="stmt" count="1"/>
      <line num="299" type="method" name="isInstantiable" visibility="public" complexity="1" crap="1" count="1"/>
      <line num="301" type="stmt" count="1"/>
      <line num="304" type="method" name="isInterface" visibility="public" complexity="1" crap="1" count="1"/>
      <line num="306" type="stmt" count="1"/>
      <line num="309" type="method" name="isInternal" visibility="public" complexity="1" crap="1" count="1"/>
      <line num="311" type="stmt" count="1"/>
      <line num="314" type="method" name="isIterable" visibility="public" complexity="1" crap="1" count="1"/>
      <line num="316" type="stmt" count="1"/>
      <line num="319" type="method" name="isReadOnly" visibility="public" complexity="2" crap="6" count="0"/>
      <line num="321" type="stmt" count="0"/>
      <line num="324" type="method" name="isSubclassOf" visibility="public" complexity="1" crap="1" count="1"/>
      <line num="326" type="stmt" count="1"/>
      <line num="328" type="stmt" count="1"/>
      <line num="331" type="method" name="isTrait" visibility="public" complexity="1" crap="1" count="1"/>
      <line num="333" type="stmt" count="1"/>
      <line num="336" type="method" name="isUserDefined" visibility="public" complexity="1" crap="1" count="1"/>
      <line num="338" type="stmt" count="1"/>
      <line num="341" type="method" name="newInstance" visibility="public" complexity="1" crap="1" count="1"/>
      <line num="343" type="stmt" count="1"/>
      <line num="349" type="method" name="newInstanceArgs" visibility="public" complexity="1" crap="1" count="1"/>
      <line num="351" type="stmt" count="1"/>
      <line num="354" type="method" name="newInstanceWithoutConstructor" visibility="public" complexity="1" crap="1" count="1"/>
      <line num="356" type="stmt" count="1"/>
      <line num="359" type="method" name="setStaticPropertyValue" visibility="public" complexity="1" crap="1" count="1"/>
      <line num="361" type="stmt" count="1"/>
      <line num="364" type="method" name="__toString" visibility="public" complexity="1" crap="2" count="0"/>
      <line num="366" type="stmt" count="0"/>
      <metrics loc="369" ncloc="321" classes="1" methods="55" coveredmethods="50" conditionals="0" coveredconditionals="0" statements="75" coveredstatements="66" elements="130" coveredelements="116"/>
    </file>
    <file name="/app/reflection/src/Reflection/ReflectionClassConstant.php">
      <class name="WebFu\Reflection\ReflectionClassConstant" namespace="global">
        <metrics complexity="16" methods="13" coveredmethods="10" conditionals="0" coveredconditionals="0" statements="13" coveredstatements="10" elements="26" coveredelements="20"/>
      </class>
      <line num="17" type="method" name="__construct" visibility="public" complexity="1" crap="1" count="14"/>
      <line num="19" type="stmt" count="14"/>
      <line num="25" type="method" name="getAttributes" visibility="public" complexity="1" crap="1" count="1"/>
      <line num="27" type="stmt" count="1"/>
      <line num="30" type="method" name="getDeclaringClass" visibility="public" complexity="1" crap="1" count="1"/>
      <line num="32" type="stmt" count="1"/>
      <line num="35" type="method" name="getDocComment" visibility="public" complexity="2" crap="2" count="1"/>
      <line num="37" type="stmt" count="1"/>
      <line num="40" type="method" name="getModifiers" visibility="public" complexity="1" crap="2" count="0"/>
      <line num="42" type="stmt" count="0"/>
      <line num="45" type="method" name="getName" visibility="public" complexity="1" crap="1" count="6"/>
      <line num="47" type="stmt" count="6"/>
      <line num="50" type="method" name="getValue" visibility="public" complexity="1" crap="1" count="5"/>
      <line num="52" type="stmt" count="5"/>
      <line num="55" type="method" name="isEnumCase" visibility="public" complexity="2" crap="6" count="0"/>
      <line num="57" type="stmt" count="0"/>
      <line num="60" type="method" name="isFinal" visibility="public" complexity="2" crap="2" count="1"/>
      <line num="62" type="stmt" count="1"/>
      <line num="65" type="method" name="isPrivate" visibility="public" complexity="1" crap="1" count="1"/>
      <line num="67" type="stmt" count="1"/>
      <line num="70" type="method" name="isProtected" visibility="public" complexity="1" crap="1" count="1"/>
      <line num="72" type="stmt" count="1"/>
      <line num="75" type="method" name="isPublic" visibility="public" complexity="1" crap="1" count="1"/>
      <line num="77" type="stmt" count="1"/>
      <line num="80" type="method" name="__toString" visibility="public" complexity="1" crap="2" count="0"/>
      <line num="82" type="stmt" count="0"/>
      <metrics loc="85" ncloc="80" classes="1" methods="13" coveredmethods="10" conditionals="0" coveredconditionals="0" statements="13" coveredstatements="10" elements="26" coveredelements="20"/>
    </file>
    <file name="/app/reflection/src/Reflection/ReflectionException.php">
      <class name="WebFu\Reflection\ReflectionException" namespace="global">
        <metrics complexity="0" methods="0" coveredmethods="0" conditionals="0" coveredconditionals="0" statements="0" coveredstatements="0" elements="0" coveredelements="0"/>
      </class>
      <metrics loc="10" ncloc="10" classes="0" methods="0" coveredmethods="0" conditionals="0" coveredconditionals="0" statements="0" coveredstatements="0" elements="0" coveredelements="0"/>
    </file>
    <file name="/app/reflection/src/Reflection/ReflectionFunction.php">
      <class name="WebFu\Reflection\ReflectionFunction" namespace="global">
        <metrics complexity="8" methods="7" coveredmethods="1" conditionals="0" coveredconditionals="0" statements="11" coveredstatements="1" elements="18" coveredelements="2"/>
      </class>
      <line num="9" type="method" name="__construct" visibility="public" complexity="1" crap="1" count="3"/>
      <line num="11" type="stmt" count="3"/>
      <line num="14" type="method" name="getClosure" visibility="public" complexity="1" crap="2" count="0"/>
      <line num="16" type="stmt" count="0"/>
      <line num="18" type="stmt" count="0"/>
      <line num="21" type="method" name="invoke" visibility="public" complexity="1" crap="2" count="0"/>
      <line num="23" type="stmt" count="0"/>
      <line num="25" type="stmt" count="0"/>
      <line num="31" type="method" name="invokeArgs" visibility="public" complexity="1" crap="2" count="0"/>
      <line num="33" type="stmt" count="0"/>
      <line num="35" type="stmt" count="0"/>
      <line num="38" type="method" name="isAnonymous" visibility="public" complexity="2" crap="6" count="0"/>
      <line num="40" type="stmt" count="0"/>
      <line num="42" type="stmt" count="0"/>
      <line num="45" type="method" name="getParameters" visibility="public" complexity="1" crap="2" count="0"/>
      <line num="47" type="stmt" count="0"/>
      <line num="50" type="method" name="__toString" visibility="public" complexity="1" crap="2" count="0"/>
      <line num="52" type="stmt" count="0"/>
      <metrics loc="55" ncloc="52" classes="1" methods="7" coveredmethods="1" conditionals="0" coveredconditionals="0" statements="11" coveredstatements="1" elements="18" coveredelements="2"/>
    </file>
    <file name="/app/reflection/src/Reflection/ReflectionFunctionAbstract.php">
      <class name="WebFu\Reflection\ReflectionFunctionAbstract" namespace="global">
        <metrics complexity="39" methods="30" coveredmethods="5" conditionals="0" coveredconditionals="0" statements="34" coveredstatements="5" elements="64" coveredelements="10"/>
      </class>
      <line num="14" type="method" name="getAttributes" visibility="public" complexity="1" crap="2" count="0"/>
      <line num="16" type="stmt" count="0"/>
      <line num="19" type="method" name="getClosureScopeClass" visibility="public" complexity="2" crap="6" count="0"/>
      <line num="21" type="stmt" count="0"/>
      <line num="22" type="stmt" count="0"/>
      <line num="24" type="stmt" count="0"/>
      <line num="27" type="method" name="getClosureThis" visibility="public" complexity="1" crap="2" count="0"/>
      <line num="29" type="stmt" count="0"/>
      <line num="35" type="method" name="getClosureUsedVariables" visibility="public" complexity="2" crap="6" count="0"/>
      <line num="37" type="stmt" count="0"/>
      <line num="40" type="method" name="getDocComment" visibility="public" complexity="2" crap="2" count="6"/>
      <line num="42" type="stmt" count="6"/>
      <line num="45" type="method" name="getEndLine" visibility="public" complexity="2" crap="6" count="0"/>
      <line num="47" type="stmt" count="0"/>
      <line num="50" type="method" name="getExtension" visibility="public" complexity="1" crap="2" count="0"/>
      <line num="52" type="stmt" count="0"/>
      <line num="55" type="method" name="getExtensionName" visibility="public" complexity="2" crap="6" count="0"/>
      <line num="57" type="stmt" count="0"/>
      <line num="60" type="method" name="getFileName" visibility="public" complexity="2" crap="6" count="0"/>
      <line num="62" type="stmt" count="0"/>
      <line num="65" type="method" name="getName" visibility="public" complexity="1" crap="2" count="0"/>
      <line num="67" type="stmt" count="0"/>
      <line num="70" type="method" name="getNamespaceName" visibility="public" complexity="1" crap="2" count="0"/>
      <line num="72" type="stmt" count="0"/>
      <line num="75" type="method" name="getNumberOfParameters" visibility="public" complexity="1" crap="1" count="1"/>
      <line num="77" type="stmt" count="1"/>
      <line num="80" type="method" name="getNumberOfRequiredParameters" visibility="public" complexity="1" crap="1" count="1"/>
      <line num="82" type="stmt" count="1"/>
      <line num="90" type="method" name="getReturnType" visibility="public" complexity="1" crap="1" count="2"/>
      <line num="92" type="stmt" count="2"/>
      <line num="98" type="method" name="getReturnTypeNames" visibility="public" complexity="1" crap="1" count="1"/>
      <line num="100" type="stmt" count="1"/>
      <line num="103" type="method" name="getShortName" visibility="public" complexity="1" crap="2" count="0"/>
      <line num="105" type="stmt" count="0"/>
      <line num="108" type="method" name="getStartLine" visibility="public" complexity="2" crap="6" count="0"/>
      <line num="110" type="stmt" count="0"/>
      <line num="116" type="method" name="getStaticVariables" visibility="public" complexity="1" crap="2" count="0"/>
      <line num="118" type="stmt" count="0"/>
      <line num="121" type="method" name="getTentativeReturnType" visibility="public" complexity="2" crap="6" count="0"/>
      <line num="123" type="stmt" count="0"/>
      <line num="124" type="stmt" count="0"/>
      <line num="127" type="stmt" count="0"/>
      <line num="130" type="method" name="hasReturnType" visibility="public" complexity="1" crap="2" count="0"/>
      <line num="132" type="stmt" count="0"/>
      <line num="135" type="method" name="hasTentativeReturnType" visibility="public" complexity="2" crap="6" count="0"/>
      <line num="137" type="stmt" count="0"/>
      <line num="140" type="method" name="inNamespace" visibility="public" complexity="1" crap="2" count="0"/>
      <line num="142" type="stmt" count="0"/>
      <line num="145" type="method" name="isClosure" visibility="public" complexity="1" crap="2" count="0"/>
      <line num="147" type="stmt" count="0"/>
      <line num="150" type="method" name="isDeprecated" visibility="public" complexity="1" crap="2" count="0"/>
      <line num="152" type="stmt" count="0"/>
      <line num="155" type="method" name="isGenerator" visibility="public" complexity="1" crap="2" count="0"/>
      <line num="157" type="stmt" count="0"/>
      <line num="160" type="method" name="isInternal" visibility="public" complexity="1" crap="2" count="0"/>
      <line num="162" type="stmt" count="0"/>
      <line num="165" type="method" name="isStatic" visibility="public" complexity="1" crap="2" count="0"/>
      <line num="167" type="stmt" count="0"/>
      <line num="170" type="method" name="isUserDefined" visibility="public" complexity="1" crap="2" count="0"/>
      <line num="172" type="stmt" count="0"/>
      <line num="175" type="method" name="isVariadic" visibility="public" complexity="1" crap="2" count="0"/>
      <line num="177" type="stmt" count="0"/>
      <line num="180" type="method" name="returnsReference" visibility="public" complexity="1" crap="2" count="0"/>
      <line num="182" type="stmt" count="0"/>
      <metrics loc="187" ncloc="172" classes="1" methods="30" coveredmethods="5" conditionals="0" coveredconditionals="0" statements="34" coveredstatements="5" elements="64" coveredelements="10"/>
    </file>
    <file name="/app/reflection/src/Reflection/ReflectionMethod.php">
      <class name="WebFu\Reflection\ReflectionMethod" namespace="global">
        <metrics complexity="26" methods="20" coveredmethods="4" conditionals="0" coveredconditionals="0" statements="57" coveredstatements="27" elements="77" coveredelements="31"/>
      </class>
      <line num="17" type="method" name="__construct" visibility="public" complexity="1" crap="1" count="18"/>
      <line num="19" type="stmt" count="18"/>
      <line num="22" type="method" name="getClosure" visibility="public" complexity="1" crap="2" count="0"/>
      <line num="24" type="stmt" count="0"/>
      <line num="26" type="stmt" count="0"/>
      <line num="29" type="method" name="getDeclaringClass" visibility="public" complexity="1" crap="1" count="3"/>
      <line num="31" type="stmt" count="3"/>
      <line num="33" type="stmt" count="3"/>
      <line num="36" type="method" name="getModifiers" visibility="public" complexity="1" crap="2" count="0"/>
      <line num="38" type="stmt" count="0"/>
      <line num="40" type="stmt" count="0"/>
      <line num="46" type="method" name="getParameters" visibility="public" complexity="1" crap="1" count="1"/>
      <line num="48" type="stmt" count="1"/>
      <line num="49" type="stmt" count="1"/>
      <line num="52" type="method" name="getPrototype" visibility="public" complexity="1" crap="2" count="0"/>
      <line num="54" type="stmt" count="0"/>
      <line num="56" type="stmt" count="0"/>
      <line num="57" type="stmt" count="0"/>
      <line num="60" type="method" name="getReturnTypeExtended" visibility="public" complexity="1" crap="1" count="1"/>
      <line num="62" type="stmt" count="1"/>
      <line num="68" type="method" name="getReturnDocTypeNames" visibility="public" complexity="7" crap="7" count="2"/>
      <line num="70" type="stmt" count="2"/>
      <line num="72" type="stmt" count="2"/>
      <line num="73" type="stmt" count="1"/>
      <line num="76" type="stmt" count="2"/>
      <line num="77" type="stmt" count="0"/>
      <line num="80" type="stmt" count="2"/>
      <line num="82" type="stmt" count="2"/>
      <line num="84" type="stmt" count="2"/>
      <line num="86" type="stmt" count="2"/>
      <line num="87" type="stmt" count="2"/>
      <line num="89" type="stmt" count="2"/>
      <line num="90" type="stmt" count="2"/>
      <line num="92" type="stmt" count="2"/>
      <line num="94" type="stmt" count="2"/>
      <line num="95" type="stmt" count="1"/>
      <line num="96" type="stmt" count="1"/>
      <line num="99" type="stmt" count="2"/>
      <line num="100" type="stmt" count="1"/>
      <line num="103" type="stmt" count="2"/>
      <line num="104" type="stmt" count="1"/>
      <line num="107" type="stmt" count="2"/>
      <line num="110" type="stmt" count="2"/>
      <line num="113" type="method" name="hasPrototype" visibility="public" complexity="1" crap="2" count="0"/>
      <line num="115" type="stmt" count="0"/>
      <line num="118" type="method" name="invoke" visibility="public" complexity="1" crap="2" count="0"/>
      <line num="120" type="stmt" count="0"/>
      <line num="122" type="stmt" count="0"/>
      <line num="128" type="method" name="invokeArgs" visibility="public" complexity="1" crap="2" count="0"/>
      <line num="130" type="stmt" count="0"/>
      <line num="132" type="stmt" count="0"/>
      <line num="135" type="method" name="isAbstract" visibility="public" complexity="1" crap="2" count="0"/>
      <line num="137" type="stmt" count="0"/>
      <line num="139" type="stmt" count="0"/>
      <line num="142" type="method" name="isConstructor" visibility="public" complexity="1" crap="2" count="0"/>
      <line num="144" type="stmt" count="0"/>
      <line num="146" type="stmt" count="0"/>
      <line num="149" type="method" name="isDestructor" visibility="public" complexity="1" crap="2" count="0"/>
      <line num="151" type="stmt" count="0"/>
      <line num="153" type="stmt" count="0"/>
      <line num="156" type="method" name="isFinal" visibility="public" complexity="1" crap="2" count="0"/>
      <line num="158" type="stmt" count="0"/>
      <line num="160" type="stmt" count="0"/>
      <line num="163" type="method" name="isPrivate" visibility="public" complexity="1" crap="2" count="0"/>
      <line num="165" type="stmt" count="0"/>
      <line num="167" type="stmt" count="0"/>
      <line num="170" type="method" name="isProtected" visibility="public" complexity="1" crap="2" count="0"/>
      <line num="172" type="stmt" count="0"/>
      <line num="174" type="stmt" count="0"/>
      <line num="177" type="method" name="isPublic" visibility="public" complexity="1" crap="2" count="0"/>
      <line num="179" type="stmt" count="0"/>
      <line num="181" type="stmt" count="0"/>
      <line num="184" type="method" name="setAccessible" visibility="public" complexity="1" crap="2" count="0"/>
      <line num="186" type="stmt" count="0"/>
      <line num="188" type="stmt" count="0"/>
      <line num="191" type="method" name="__toString" visibility="public" complexity="1" crap="2" count="0"/>
      <line num="193" type="stmt" count="0"/>
      <metrics loc="196" ncloc="186" classes="1" methods="20" coveredmethods="4" conditionals="0" coveredconditionals="0" statements="57" coveredstatements="27" elements="77" coveredelements="31"/>
    </file>
    <file name="/app/reflection/src/Reflection/ReflectionParameter.php">
      <class name="WebFu\Reflection\ReflectionParameter" namespace="global">
        <metrics complexity="33" methods="23" coveredmethods="9" conditionals="0" coveredconditionals="0" statements="52" coveredstatements="38" elements="75" coveredelements="47"/>
      </class>
      <line num="16" type="method" name="__construct" visibility="public" complexity="4" crap="4" count="8"/>
      <line num="18" type="stmt" count="8"/>
      <line num="20" type="stmt" count="8"/>
      <line num="22" type="stmt" count="8"/>
      <line num="23" type="stmt" count="8"/>
      <line num="24" type="stmt" count="8"/>
      <line num="27" type="stmt" count="8"/>
      <line num="28" type="stmt" count="3"/>
      <line num="32" type="method" name="allowsNull" visibility="public" complexity="1" crap="2" count="0"/>
      <line num="34" type="stmt" count="0"/>
      <line num="37" type="method" name="canBePassedByValue" visibility="public" complexity="1" crap="2" count="0"/>
      <line num="39" type="stmt" count="0"/>
      <line num="45" type="method" name="getAttributes" visibility="public" complexity="1" crap="2" count="0"/>
      <line num="47" type="stmt" count="0"/>
      <line num="50" type="method" name="getDeclaringClass" visibility="public" complexity="1" crap="1" count="3"/>
      <line num="52" type="stmt" count="3"/>
      <line num="55" type="method" name="getDeclaringFunction" visibility="public" complexity="1" crap="1" count="4"/>
      <line num="57" type="stmt" count="4"/>
      <line num="60" type="method" name="getDefaultValue" visibility="public" complexity="1" crap="2" count="0"/>
      <line num="62" type="stmt" count="0"/>
      <line num="65" type="method" name="getDefaultValueConstantName" visibility="public" complexity="1" crap="2" count="0"/>
      <line num="67" type="stmt" count="0"/>
      <line num="70" type="method" name="getDocComment" visibility="public" complexity="1" crap="1" count="3"/>
      <line num="72" type="stmt" count="3"/>
      <line num="75" type="method" name="getAnnotations" visibility="public" complexity="1" crap="1" count="3"/>
      <line num="77" type="stmt" count="3"/>
      <line num="78" type="stmt" count="3"/>
      <line num="84" type="method" name="getTypeNames" visibility="public" complexity="1" crap="1" count="2"/>
      <line num="86" type="stmt" count="2"/>
      <line num="92" type="method" name="getDocTypeNames" visibility="public" complexity="8" crap="8" count="2"/>
      <line num="94" type="stmt" count="2"/>
      <line num="96" type="stmt" count="2"/>
      <line num="97" type="stmt" count="1"/>
      <line num="100" type="stmt" count="2"/>
      <line num="101" type="stmt" count="0"/>
      <line num="104" type="stmt" count="2"/>
      <line num="106" type="stmt" count="2"/>
      <line num="108" type="stmt" count="2"/>
      <line num="110" type="stmt" count="2"/>
      <line num="111" type="stmt" count="2"/>
      <line num="113" type="stmt" count="2"/>
      <line num="114" type="stmt" count="2"/>
      <line num="116" type="stmt" count="2"/>
      <line num="118" type="stmt" count="2"/>
      <line num="119" type="stmt" count="1"/>
      <line num="120" type="stmt" count="1"/>
      <line num="124" type="stmt" count="2"/>
      <line num="125" type="stmt" count="2"/>
      <line num="127" type="stmt" count="1"/>
      <line num="130" type="stmt" count="2"/>
      <line num="131" type="stmt" count="1"/>
      <line num="134" type="stmt" count="2"/>
      <line num="137" type="stmt" count="2"/>
      <line num="140" type="method" name="getTypeExtended" visibility="public" complexity="1" crap="1" count="1"/>
      <line num="142" type="stmt" count="1"/>
      <line num="145" type="method" name="getName" visibility="public" complexity="1" crap="1" count="3"/>
      <line num="147" type="stmt" count="3"/>
      <line num="150" type="method" name="getPosition" visibility="public" complexity="1" crap="2" count="0"/>
      <line num="152" type="stmt" count="0"/>
      <line num="155" type="method" name="getType" visibility="public" complexity="1" crap="1" count="2"/>
      <line num="157" type="stmt" count="2"/>
      <line num="160" type="method" name="hasType" visibility="public" complexity="1" crap="2" count="0"/>
      <line num="162" type="stmt" count="0"/>
      <line num="165" type="method" name="isDefaultValueAvailable" visibility="public" complexity="1" crap="2" count="0"/>
      <line num="167" type="stmt" count="0"/>
      <line num="170" type="method" name="isDefaultValueConstant" visibility="public" complexity="1" crap="2" count="0"/>
      <line num="172" type="stmt" count="0"/>
      <line num="175" type="method" name="isOptional" visibility="public" complexity="1" crap="2" count="0"/>
      <line num="177" type="stmt" count="0"/>
      <line num="180" type="method" name="isPassedByReference" visibility="public" complexity="1" crap="2" count="0"/>
      <line num="182" type="stmt" count="0"/>
      <line num="185" type="method" name="isVariadic" visibility="public" complexity="1" crap="2" count="0"/>
      <line num="187" type="stmt" count="0"/>
      <line num="190" type="method" name="__toString" visibility="public" complexity="1" crap="2" count="0"/>
      <line num="192" type="stmt" count="0"/>
      <metrics loc="195" ncloc="182" classes="1" methods="23" coveredmethods="9" conditionals="0" coveredconditionals="0" statements="52" coveredstatements="38" elements="75" coveredelements="47"/>
    </file>
    <file name="/app/reflection/src/Reflection/ReflectionProperty.php">
      <class name="WebFu\Reflection\ReflectionProperty" namespace="global">
        <metrics complexity="33" methods="25" coveredmethods="6" conditionals="0" coveredconditionals="0" statements="46" coveredstatements="27" elements="71" coveredelements="33"/>
      </class>
      <line num="17" type="method" name="__construct" visibility="public" complexity="1" crap="1" count="14"/>
      <line num="19" type="stmt" count="14"/>
      <line num="25" type="method" name="getAttributes" visibility="public" complexity="1" crap="2" count="0"/>
      <line num="27" type="stmt" count="0"/>
      <line num="30" type="method" name="getDeclaringClass" visibility="public" complexity="1" crap="1" count="2"/>
      <line num="32" type="stmt" count="2"/>
      <line num="35" type="method" name="getDefaultValue" visibility="public" complexity="1" crap="2" count="0"/>
      <line num="37" type="stmt" count="0"/>
      <line num="40" type="method" name="getDocComment" visibility="public" complexity="2" crap="2" count="3"/>
      <line num="42" type="stmt" count="3"/>
      <line num="48" type="method" name="getTypeNames" visibility="public" complexity="1" crap="1" count="2"/>
      <line num="50" type="stmt" count="2"/>
      <line num="56" type="method" name="getDocTypeNames" visibility="public" complexity="7" crap="7" count="2"/>
      <line num="58" type="stmt" count="2"/>
      <line num="60" type="stmt" count="2"/>
      <line num="61" type="stmt" count="1"/>
      <line num="64" type="stmt" count="2"/>
      <line num="65" type="stmt" count="0"/>
      <line num="68" type="stmt" count="2"/>
      <line num="70" type="stmt" count="2"/>
      <line num="72" type="stmt" count="2"/>
      <line num="74" type="stmt" count="2"/>
      <line num="75" type="stmt" count="2"/>
      <line num="77" type="stmt" count="2"/>
      <line num="78" type="stmt" count="2"/>
      <line num="80" type="stmt" count="2"/>
      <line num="82" type="stmt" count="2"/>
      <line num="83" type="stmt" count="1"/>
      <line num="84" type="stmt" count="1"/>
      <line num="87" type="stmt" count="2"/>
      <line num="88" type="stmt" count="1"/>
      <line num="91" type="stmt" count="2"/>
      <line num="92" type="stmt" count="1"/>
      <line num="95" type="stmt" count="2"/>
      <line num="98" type="stmt" count="2"/>
      <line num="101" type="method" name="getTypeExtended" visibility="public" complexity="1" crap="1" count="1"/>
      <line num="103" type="stmt" count="1"/>
      <line num="106" type="method" name="getModifiers" visibility="public" complexity="1" crap="2" count="0"/>
      <line num="108" type="stmt" count="0"/>
      <line num="111" type="method" name="getName" visibility="public" complexity="1" crap="2" count="0"/>
      <line num="113" type="stmt" count="0"/>
      <line num="116" type="method" name="getType" visibility="public" complexity="1" crap="1" count="2"/>
      <line num="118" type="stmt" count="2"/>
      <line num="121" type="method" name="getValue" visibility="public" complexity="1" crap="2" count="0"/>
      <line num="123" type="stmt" count="0"/>
      <line num="126" type="method" name="hasDefaultValue" visibility="public" complexity="1" crap="2" count="0"/>
      <line num="128" type="stmt" count="0"/>
      <line num="131" type="method" name="hasType" visibility="public" complexity="1" crap="2" count="0"/>
      <line num="133" type="stmt" count="0"/>
      <line num="136" type="method" name="isDefault" visibility="public" complexity="1" crap="2" count="0"/>
      <line num="138" type="stmt" count="0"/>
      <line num="141" type="method" name="isInitialized" visibility="public" complexity="1" crap="2" count="0"/>
      <line num="143" type="stmt" count="0"/>
      <line num="146" type="method" name="isPrivate" visibility="public" complexity="1" crap="2" count="0"/>
      <line num="148" type="stmt" count="0"/>
      <line num="151" type="method" name="isPromoted" visibility="public" complexity="1" crap="2" count="0"/>
      <line num="153" type="stmt" count="0"/>
      <line num="156" type="method" name="isProtected" visibility="public" complexity="1" crap="2" count="0"/>
      <line num="158" type="stmt" count="0"/>
      <line num="161" type="method" name="isPublic" visibility="public" complexity="1" crap="2" count="0"/>
      <line num="163" type="stmt" count="0"/>
      <line num="166" type="method" name="isReadOnly" visibility="public" complexity="2" crap="6" count="0"/>
      <line num="168" type="stmt" count="0"/>
      <line num="171" type="method" name="isStatic" visibility="public" complexity="1" crap="2" count="0"/>
      <line num="173" type="stmt" count="0"/>
      <line num="176" type="method" name="setAccessible" visibility="public" complexity="1" crap="2" count="0"/>
      <line num="178" type="stmt" count="0"/>
      <line num="181" type="method" name="setValue" visibility="public" complexity="1" crap="2" count="0"/>
      <line num="183" type="stmt" count="0"/>
      <line num="186" type="method" name="__toString" visibility="public" complexity="1" crap="2" count="0"/>
      <line num="188" type="stmt" count="0"/>
      <metrics loc="191" ncloc="182" classes="1" methods="25" coveredmethods="6" conditionals="0" coveredconditionals="0" statements="46" coveredstatements="27" elements="71" coveredelements="33"/>
    </file>
    <file name="/app/reflection/src/Reflection/ReflectionType.php">
      <class name="WebFu\Reflection\ReflectionType" namespace="global">
        <metrics complexity="5" methods="5" coveredmethods="3" conditionals="0" coveredconditionals="0" statements="6" coveredstatements="4" elements="11" coveredelements="7"/>
      </class>
      <line num="13" type="method" name="__construct" visibility="public" complexity="1" crap="1" count="9"/>
      <line num="15" type="stmt" count="9"/>
      <line num="17" type="method" name="allowNull" visibility="public" complexity="1" crap="2" count="0"/>
      <line num="19" type="stmt" count="0"/>
      <line num="22" type="method" name="hasType" visibility="public" complexity="1" crap="1" count="1"/>
      <line num="24" type="stmt" count="1"/>
      <line num="30" type="method" name="getTypeNames" visibility="public" complexity="1" crap="1" count="4"/>
      <line num="32" type="stmt" count="4"/>
      <line num="35" type="method" name="__toString" visibility="public" complexity="1" crap="2" count="0"/>
      <line num="37" type="stmt" count="0"/>
      <metrics loc="40" ncloc="34" classes="1" methods="5" coveredmethods="3" conditionals="0" coveredconditionals="0" statements="6" coveredstatements="4" elements="11" coveredelements="7"/>
    </file>
    <file name="/app/reflection/src/Reflection/ReflectionTypeExtended.php">
      <class name="WebFu\Reflection\ReflectionTypeExtended" namespace="global">
        <metrics complexity="3" methods="3" coveredmethods="1" conditionals="0" coveredconditionals="0" statements="4" coveredstatements="2" elements="7" coveredelements="3"/>
      </class>
      <line num="13" type="method" name="__construct" visibility="public" complexity="1" crap="1" count="3"/>
      <line num="15" type="stmt" count="3"/>
      <line num="20" type="method" name="getTypeNames" visibility="public" complexity="1" crap="2" count="0"/>
      <line num="22" type="stmt" count="0"/>
      <line num="28" type="method" name="getDocBlockTypeNames" visibility="public" complexity="1" crap="2" count="0"/>
      <line num="30" type="stmt" count="0"/>
      <metrics loc="33" ncloc="23" classes="1" methods="3" coveredmethods="1" conditionals="0" coveredconditionals="0" statements="4" coveredstatements="2" elements="7" coveredelements="3"/>
    </file>
    <file name="/app/reflection/src/Reflection/ReflectionUseStatement.php">
      <class name="WebFu\Reflection\ReflectionUseStatement" namespace="global">
        <metrics complexity="3" methods="3" coveredmethods="3" conditionals="0" coveredconditionals="0" statements="3" coveredstatements="3" elements="6" coveredelements="6"/>
      </class>
      <line num="12" type="method" name="__construct" visibility="public" complexity="1" crap="1" count="9"/>
      <line num="14" type="stmt" count="9"/>
      <line num="19" type="method" name="getClassName" visibility="public" complexity="1" crap="1" count="4"/>
      <line num="21" type="stmt" count="4"/>
      <line num="24" type="method" name="getAs" visibility="public" complexity="1" crap="1" count="7"/>
      <line num="26" type="stmt" count="7"/>
      <metrics loc="29" ncloc="23" classes="1" methods="3" coveredmethods="3" conditionals="0" coveredconditionals="0" statements="3" coveredstatements="3" elements="6" coveredelements="6"/>
    </file>
    <file name="/app/reflection/src/Reflection/Reflector.php">
      <class name="WebFu\Reflection\Reflector" namespace="global">
        <metrics complexity="26" methods="4" coveredmethods="3" conditionals="0" coveredconditionals="0" statements="63" coveredstatements="61" elements="67" coveredelements="64"/>
      </class>
      <line num="9" type="method" name="createReflectionType" visibility="public" complexity="1" crap="1" count="5"/>
      <line num="11" type="stmt" count="5"/>
      <line num="17" type="method" name="getTypeNames" visibility="public" complexity="3" crap="3" count="10"/>
      <line num="19" type="stmt" count="10"/>
      <line num="20" type="stmt" count="2"/>
      <line num="23" type="stmt" count="10"/>
      <line num="24" type="stmt" count="10"/>
      <line num="27" type="stmt" count="2"/>
      <line num="29" type="stmt" count="2"/>
      <line num="36" type="method" name="createReflectionClassUseStatements" visibility="public" complexity="18" crap="18" count="9"/>
      <line num="38" type="stmt" count="9"/>
      <line num="40" type="stmt" count="9"/>
      <line num="41" type="stmt" count="0"/>
      <line num="44" type="stmt" count="9"/>
      <line num="45" type="stmt" count="9"/>
      <line num="46" type="stmt" count="0"/>
      <line num="49" type="stmt" count="9"/>
      <line num="51" type="stmt" count="9"/>
      <line num="52" type="stmt" count="9"/>
      <line num="53" type="stmt" count="9"/>
      <line num="54" type="stmt" count="9"/>
      <line num="55" type="stmt" count="9"/>
      <line num="56" type="stmt" count="9"/>
      <line num="57" type="stmt" count="9"/>
      <line num="59" type="stmt" count="9"/>
      <line num="60" type="stmt" count="9"/>
      <line num="61" type="stmt" count="9"/>
      <line num="62" type="stmt" count="9"/>
      <line num="65" type="stmt" count="9"/>
      <line num="66" type="stmt" count="9"/>
      <line num="69" type="stmt" count="9"/>
      <line num="70" type="stmt" count="9"/>
      <line num="74" type="stmt" count="9"/>
      <line num="75" type="stmt" count="9"/>
      <line num="76" type="stmt" count="9"/>
      <line num="77" type="stmt" count="9"/>
      <line num="79" type="stmt" count="9"/>
      <line num="80" type="stmt" count="9"/>
      <line num="83" type="stmt" count="9"/>
      <line num="85" type="stmt" count="9"/>
      <line num="86" type="stmt" count="9"/>
      <line num="87" type="stmt" count="9"/>
      <line num="88" type="stmt" count="9"/>
      <line num="89" type="stmt" count="9"/>
      <line num="93" type="stmt" count="9"/>
      <line num="94" type="stmt" count="9"/>
      <line num="95" type="stmt" count="9"/>
      <line num="98" type="stmt" count="9"/>
      <line num="100" type="stmt" count="9"/>
      <line num="103" type="stmt" count="9"/>
      <line num="104" type="stmt" count="9"/>
      <line num="105" type="stmt" count="9"/>
      <line num="108" type="stmt" count="9"/>
      <line num="109" type="stmt" count="9"/>
      <line num="112" type="stmt" count="9"/>
      <line num="113" type="stmt" count="9"/>
      <line num="115" type="stmt" count="9"/>
      <line num="120" type="stmt" count="9"/>
      <line num="126" type="method" name="typeResolver" visibility="public" complexity="4" crap="4" count="7"/>
      <line num="128" type="stmt" count="7"/>
      <line num="130" type="stmt" count="7"/>
      <line num="131" type="stmt" count="7"/>
      <line num="132" type="stmt" count="4"/>
      <line num="136" type="stmt" count="7"/>
      <line num="137" type="stmt" count="7"/>
      <line num="138" type="stmt" count="1"/>
      <line num="141" type="stmt" count="7"/>
      <metrics loc="144" ncloc="133" classes="1" methods="4" coveredmethods="3" conditionals="0" coveredconditionals="0" statements="63" coveredstatements="61" elements="67" coveredelements="64"/>
    </file>
    <metrics files="13" loc="1562" ncloc="1421" classes="12" methods="189" coveredmethods="96" conditionals="0" coveredconditionals="0" statements="368" coveredstatements="248" elements="557" coveredelements="344"/>
  </project>
</coverage>
